Start testing: Aug 25 08:53 -03
----------------------------------------------------------
1/2 Testing: JuntaListasTest.ValidMerge
1/2 Test: JuntaListasTest.ValidMerge
Command: "/Users/marcelo.bracet/Documents/studies/class-algorithm/alg-fabbri-IPRJ-UERJ/alg/merge/tests/run-tests" "--gtest_filter=JuntaListasTest.ValidMerge" "--gtest_also_run_disabled_tests"
Directory: /Users/marcelo.bracet/Documents/studies/class-algorithm/alg-fabbri-IPRJ-UERJ/alg/merge/tests
"JuntaListasTest.ValidMerge" start time: Aug 25 08:53 -03
Output:
----------------------------------------------------------
Running main() from /Users/marcelo.bracet/Documents/studies/class-algorithm/alg-fabbri-IPRJ-UERJ/third_party/googletest/googletest/src/gtest_main.cc
Note: Google Test filter = JuntaListasTest.ValidMerge
[==========] Running 1 test from 1 test suite.
[----------] Global test environment set-up.
[----------] 1 test from JuntaListasTest
[ RUN      ] JuntaListasTest.ValidMerge
Debug: ia=0, ib=0, ic=0, va=3, vb=4, vc=1
Debug: ia=0, ib=0, ic=1, va=3, vb=4, vc=10
Debug: ia=1, ib=0, ic=1, va=6, vb=4, vc=10
Debug: ia=1, ib=1, ic=1, va=6, vb=16, vc=10
Debug: ia=2, ib=1, ic=1, va=11, vb=16, vc=10
Debug: ia=2, ib=1, ic=2, va=11, vb=16, vc=2147483647
Debug: ia=3, ib=1, ic=2, va=2147483647, vb=16, vc=2147483647
Debug: ia=3, ib=2, ic=2, va=2147483647, vb=21, vc=2147483647
Debug: ia=3, ib=3, ic=2, va=2147483647, vb=25, vc=2147483647
1 3 4 6 10 11 16 21 25 
[       OK ] JuntaListasTest.ValidMerge (0 ms)
[----------] 1 test from JuntaListasTest (0 ms total)

[----------] Global test environment tear-down
[==========] 1 test from 1 test suite ran. (0 ms total)
[  PASSED  ] 1 test.
<end of output>
Test time =   0.01 sec
----------------------------------------------------------
Test Passed.
"JuntaListasTest.ValidMerge" end time: Aug 25 08:53 -03
"JuntaListasTest.ValidMerge" time elapsed: 00:00:00
----------------------------------------------------------

2/2 Testing: JuntaListasTest.UnsortedInput
2/2 Test: JuntaListasTest.UnsortedInput
Command: "/Users/marcelo.bracet/Documents/studies/class-algorithm/alg-fabbri-IPRJ-UERJ/alg/merge/tests/run-tests" "--gtest_filter=JuntaListasTest.UnsortedInput" "--gtest_also_run_disabled_tests"
Directory: /Users/marcelo.bracet/Documents/studies/class-algorithm/alg-fabbri-IPRJ-UERJ/alg/merge/tests
"JuntaListasTest.UnsortedInput" start time: Aug 25 08:53 -03
Output:
----------------------------------------------------------
Running main() from /Users/marcelo.bracet/Documents/studies/class-algorithm/alg-fabbri-IPRJ-UERJ/third_party/googletest/googletest/src/gtest_main.cc
Note: Google Test filter = JuntaListasTest.UnsortedInput
[==========] Running 1 test from 1 test suite.
[----------] Global test environment set-up.
[----------] 1 test from JuntaListasTest
[ RUN      ] JuntaListasTest.UnsortedInput
Array C não está ordenado
Alguma das listas nao esta ordenada
[       OK ] JuntaListasTest.UnsortedInput (0 ms)
[----------] 1 test from JuntaListasTest (0 ms total)

[----------] Global test environment tear-down
[==========] 1 test from 1 test suite ran. (0 ms total)
[  PASSED  ] 1 test.
<end of output>
Test time =   0.00 sec
----------------------------------------------------------
Test Passed.
"JuntaListasTest.UnsortedInput" end time: Aug 25 08:53 -03
"JuntaListasTest.UnsortedInput" time elapsed: 00:00:00
----------------------------------------------------------

End testing: Aug 25 08:53 -03
