Start testing: Aug 22 10:29 -03
----------------------------------------------------------
1/2 Testing: JuntaListasTest.ValidMerge
1/2 Test: JuntaListasTest.ValidMerge
Command: "/Users/marcelo.bracet/Documents/studies/class-algorithm/alg-fabbri-IPRJ-UERJ/alg/merge/tests/run-tests" "--gtest_filter=JuntaListasTest.ValidMerge" "--gtest_also_run_disabled_tests"
Directory: /Users/marcelo.bracet/Documents/studies/class-algorithm/alg-fabbri-IPRJ-UERJ/alg/merge/tests
"JuntaListasTest.ValidMerge" start time: Aug 22 10:29 -03
Output:
----------------------------------------------------------
Running main() from /Users/marcelo.bracet/Documents/studies/class-algorithm/alg-fabbri-IPRJ-UERJ/third_party/googletest/googletest/src/gtest_main.cc
Note: Google Test filter = JuntaListasTest.ValidMerge
[==========] Running 1 test from 1 test suite.
[----------] Global test environment set-up.
[----------] 1 test from JuntaListasTest
[ RUN      ] JuntaListasTest.ValidMerge
Alguma das listas nao esta ordenada
/Users/marcelo.bracet/Documents/studies/class-algorithm/alg-fabbri-IPRJ-UERJ/alg/merge/tests/test-sorted_merge_3way.cpp:34: Failure
Value of: res
  Actual: false
Expected: true
sorted_merge_3way returned false unexpectedly (input was sorted).

[  FAILED  ] JuntaListasTest.ValidMerge (0 ms)
[----------] 1 test from JuntaListasTest (0 ms total)

[----------] Global test environment tear-down
[==========] 1 test from 1 test suite ran. (0 ms total)
[  PASSED  ] 0 tests.
[  FAILED  ] 1 test, listed below:
[  FAILED  ] JuntaListasTest.ValidMerge

 1 FAILED TEST
<end of output>
Test time =   0.01 sec
----------------------------------------------------------
Test Failed.
"JuntaListasTest.ValidMerge" end time: Aug 22 10:29 -03
"JuntaListasTest.ValidMerge" time elapsed: 00:00:00
----------------------------------------------------------

2/2 Testing: JuntaListasTest.UnsortedInput
2/2 Test: JuntaListasTest.UnsortedInput
Command: "/Users/marcelo.bracet/Documents/studies/class-algorithm/alg-fabbri-IPRJ-UERJ/alg/merge/tests/run-tests" "--gtest_filter=JuntaListasTest.UnsortedInput" "--gtest_also_run_disabled_tests"
Directory: /Users/marcelo.bracet/Documents/studies/class-algorithm/alg-fabbri-IPRJ-UERJ/alg/merge/tests
"JuntaListasTest.UnsortedInput" start time: Aug 22 10:29 -03
Output:
----------------------------------------------------------
Running main() from /Users/marcelo.bracet/Documents/studies/class-algorithm/alg-fabbri-IPRJ-UERJ/third_party/googletest/googletest/src/gtest_main.cc
Note: Google Test filter = JuntaListasTest.UnsortedInput
[==========] Running 1 test from 1 test suite.
[----------] Global test environment set-up.
[----------] 1 test from JuntaListasTest
[ RUN      ] JuntaListasTest.UnsortedInput
Alguma das listas nao esta ordenada
[       OK ] JuntaListasTest.UnsortedInput (0 ms)
[----------] 1 test from JuntaListasTest (0 ms total)

[----------] Global test environment tear-down
[==========] 1 test from 1 test suite ran. (0 ms total)
[  PASSED  ] 1 test.
<end of output>
Test time =   0.00 sec
----------------------------------------------------------
Test Passed.
"JuntaListasTest.UnsortedInput" end time: Aug 22 10:29 -03
"JuntaListasTest.UnsortedInput" time elapsed: 00:00:00
----------------------------------------------------------

End testing: Aug 22 10:29 -03
